<?xml version="1.0" encoding="UTF-8"?>
<testsuites>
  <testsuite name="BaseFortissimoCommandTest" file="/Users/mbutcher/Code/Fortissimo/test/Tests/Fortissimo/BaseFortissimoCommandTest.php" tests="2" assertions="13" failures="0" errors="0" time="0.012743">
    <testcase name="testExpects" class="BaseFortissimoCommandTest" file="/Users/mbutcher/Code/Fortissimo/test/Tests/Fortissimo/BaseFortissimoCommandTest.php" line="12" assertions="12" time="0.002945"/>
    <testcase name="testDoRequest" class="BaseFortissimoCommandTest" file="/Users/mbutcher/Code/Fortissimo/test/Tests/Fortissimo/BaseFortissimoCommandTest.php" line="51" assertions="1" time="0.009798"/>
  </testsuite>
  <testsuite name="FortissimoConfigTest" file="/Users/mbutcher/Code/Fortissimo/test/Tests/Fortissimo/FortissimoConfigTest.php" tests="6" assertions="28" failures="0" errors="0" time="0.022998">
    <testcase name="testConstructor" class="FortissimoConfigTest" file="/Users/mbutcher/Code/Fortissimo/test/Tests/Fortissimo/FortissimoConfigTest.php" line="13" assertions="1" time="0.002096"/>
    <testcase name="testConstructorParseError" class="FortissimoConfigTest" file="/Users/mbutcher/Code/Fortissimo/test/Tests/Fortissimo/FortissimoConfigTest.php" line="23" assertions="1" time="0.001662"/>
    <testcase name="testGetConfig" class="FortissimoConfigTest" file="/Users/mbutcher/Code/Fortissimo/test/Tests/Fortissimo/FortissimoConfigTest.php" line="27" assertions="2" time="0.001518"/>
    <testcase name="testIsLegalRequestName" class="FortissimoConfigTest" file="/Users/mbutcher/Code/Fortissimo/test/Tests/Fortissimo/FortissimoConfigTest.php" line="34" assertions="21" time="0.001464"/>
    <testcase name="testHasRequest" class="FortissimoConfigTest" file="/Users/mbutcher/Code/Fortissimo/test/Tests/Fortissimo/FortissimoConfigTest.php" line="47" assertions="1" time="0.002797"/>
    <testcase name="testGetRequest" class="FortissimoConfigTest" file="/Users/mbutcher/Code/Fortissimo/test/Tests/Fortissimo/FortissimoConfigTest.php" line="54" assertions="2" time="0.013461"/>
  </testsuite>
  <testsuite name="FortissimoContextDumpTest" file="/Users/mbutcher/Code/Fortissimo/test/Tests/Fortissimo/FortissimoContextDumpTest.php" tests="1" assertions="2" failures="0" errors="0" time="0.005869">
    <testcase name="testDoCommand" class="FortissimoContextDumpTest" file="/Users/mbutcher/Code/Fortissimo/test/Tests/Fortissimo/FortissimoContextDumpTest.php" line="16" assertions="2" time="0.005869"/>
  </testsuite>
  <testsuite name="FortissimoEchoTest" file="/Users/mbutcher/Code/Fortissimo/test/Tests/Fortissimo/FortissimoEchoTest.php" tests="1" assertions="1" failures="0" errors="0" time="0.005438">
    <testcase name="testDoCommand" class="FortissimoEchoTest" file="/Users/mbutcher/Code/Fortissimo/test/Tests/Fortissimo/FortissimoEchoTest.php" line="17" assertions="1" time="0.005438"/>
  </testsuite>
  <testsuite name="FortissimoExceptionsTest" file="/Users/mbutcher/Code/Fortissimo/test/Tests/Fortissimo/FortissimoExceptionsTest.php" tests="2" assertions="2" failures="0" errors="0" time="0.010580">
    <testcase name="testException" class="FortissimoExceptionsTest" file="/Users/mbutcher/Code/Fortissimo/test/Tests/Fortissimo/FortissimoExceptionsTest.php" line="20" assertions="1" time="0.005217"/>
    <testcase name="testErrorToException" class="FortissimoExceptionsTest" file="/Users/mbutcher/Code/Fortissimo/test/Tests/Fortissimo/FortissimoExceptionsTest.php" line="29" assertions="1" time="0.005363"/>
  </testsuite>
  <testsuite name="FortissimoExecutionContextTest" file="/Users/mbutcher/Code/Fortissimo/test/Tests/Fortissimo/FortissimoExecutionContextTest.php" tests="9" assertions="25" failures="0" errors="0" time="0.009846">
    <testcase name="testConstructor" class="FortissimoExecutionContextTest" file="/Users/mbutcher/Code/Fortissimo/test/Tests/Fortissimo/FortissimoExecutionContextTest.php" line="11" assertions="2" time="0.001096"/>
    <testcase name="testSize" class="FortissimoExecutionContextTest" file="/Users/mbutcher/Code/Fortissimo/test/Tests/Fortissimo/FortissimoExecutionContextTest.php" line="19" assertions="2" time="0.001059"/>
    <testcase name="testHas" class="FortissimoExecutionContextTest" file="/Users/mbutcher/Code/Fortissimo/test/Tests/Fortissimo/FortissimoExecutionContextTest.php" line="29" assertions="2" time="0.000990"/>
    <testcase name="testGet" class="FortissimoExecutionContextTest" file="/Users/mbutcher/Code/Fortissimo/test/Tests/Fortissimo/FortissimoExecutionContextTest.php" line="35" assertions="2" time="0.000993"/>
    <testcase name="testAdd" class="FortissimoExecutionContextTest" file="/Users/mbutcher/Code/Fortissimo/test/Tests/Fortissimo/FortissimoExecutionContextTest.php" line="42" assertions="2" time="0.001007"/>
    <testcase name="testRemove" class="FortissimoExecutionContextTest" file="/Users/mbutcher/Code/Fortissimo/test/Tests/Fortissimo/FortissimoExecutionContextTest.php" line="51" assertions="2" time="0.001595"/>
    <testcase name="testToArray" class="FortissimoExecutionContextTest" file="/Users/mbutcher/Code/Fortissimo/test/Tests/Fortissimo/FortissimoExecutionContextTest.php" line="58" assertions="1" time="0.000976"/>
    <testcase name="testFromArray" class="FortissimoExecutionContextTest" file="/Users/mbutcher/Code/Fortissimo/test/Tests/Fortissimo/FortissimoExecutionContextTest.php" line="64" assertions="3" time="0.001027"/>
    <testcase name="testIterator" class="FortissimoExecutionContextTest" file="/Users/mbutcher/Code/Fortissimo/test/Tests/Fortissimo/FortissimoExecutionContextTest.php" line="73" assertions="9" time="0.001103"/>
  </testsuite>
  <testsuite name="FortissimoTest" file="/Users/mbutcher/Code/Fortissimo/test/Tests/Fortissimo/FortissimoTest.php" tests="7" assertions="21" failures="1" errors="0" time="0.050391">
    <testcase name="testConstructor" class="FortissimoTest" file="/Users/mbutcher/Code/Fortissimo/test/Tests/Fortissimo/FortissimoTest.php" line="13" assertions="1" time="0.004455"/>
    <testcase name="testFetchParams" class="FortissimoTest" file="/Users/mbutcher/Code/Fortissimo/test/Tests/Fortissimo/FortissimoTest.php" line="19" assertions="9" time="0.005355"/>
    <testcase name="testHandleRequest" class="FortissimoTest" file="/Users/mbutcher/Code/Fortissimo/test/Tests/Fortissimo/FortissimoTest.php" line="57" assertions="3" time="0.014810"/>
    <testcase name="testLogger" class="FortissimoTest" file="/Users/mbutcher/Code/Fortissimo/test/Tests/Fortissimo/FortissimoTest.php" line="73" assertions="3" time="0.004482"/>
    <testcase name="testRequestCache" class="FortissimoTest" file="/Users/mbutcher/Code/Fortissimo/test/Tests/Fortissimo/FortissimoTest.php" line="82" assertions="1" time="0.008623">
      <failure type="PHPUnit_Framework_ExpectationFailedException">FortissimoTest::testRequestCache
Failed asserting that two strings are equal.
--- Expected
+++ Actual
@@ @@
-foo
+

/Users/mbutcher/Code/Fortissimo/test/Tests/Fortissimo/FortissimoTest.php:94
/usr/lib/php/phing/tasks/ext/phpunit/PHPUnitTestRunner.php:98
/usr/lib/php/phing/tasks/ext/phpunit/PHPUnitTask.php:333
/usr/lib/php/phing/tasks/ext/phpunit/PHPUnitTask.php:302
/usr/lib/php/phing/Task.php:253
/usr/lib/php/phing/Target.php:240
/usr/lib/php/phing/Target.php:263
/usr/lib/php/phing/Project.php:702
/usr/lib/php/phing/Project.php:675
/usr/lib/php/phing/Phing.php:541
/usr/lib/php/phing/Phing.php:170
/usr/lib/php/phing/Phing.php:270
/usr/lib/php/phing.php:37
</failure>
    </testcase>
    <testcase name="testForwardRequest" class="FortissimoTest" file="/Users/mbutcher/Code/Fortissimo/test/Tests/Fortissimo/FortissimoTest.php" line="124" assertions="2" time="0.011215"/>
    <testcase name="testAutoloader" class="FortissimoTest" file="/Users/mbutcher/Code/Fortissimo/test/Tests/Fortissimo/FortissimoTest.php" line="134" assertions="2" time="0.001451"/>
  </testsuite>
</testsuites>
