<?xml version="1.0" encoding="UTF-8"?>
<testsuites>
  <testsuite name="Phing Batchtest" tests="35" assertions="113" failures="0" errors="0" time="0.027639">
    <testsuite name="BaseFortissimoCommandTest" file="/Users/mbutcher/Code/Fortissimo/test/Tests/Fortissimo/BaseFortissimoCommandTest.php" tests="2" assertions="13" failures="0" errors="0" time="0.002152">
      <testcase name="testExpects" class="BaseFortissimoCommandTest" file="/Users/mbutcher/Code/Fortissimo/test/Tests/Fortissimo/BaseFortissimoCommandTest.php" line="14" assertions="12" time="0.000737"/>
      <testcase name="testDoRequest" class="BaseFortissimoCommandTest" file="/Users/mbutcher/Code/Fortissimo/test/Tests/Fortissimo/BaseFortissimoCommandTest.php" line="53" assertions="1" time="0.001415"/>
    </testsuite>
    <testsuite name="ConfigTest" file="/Users/mbutcher/Code/Fortissimo/test/Tests/Fortissimo/ConfigTest.php" tests="8" assertions="20" failures="0" errors="0" time="0.003322">
      <testcase name="testGetConfiguration" class="ConfigTest" file="/Users/mbutcher/Code/Fortissimo/test/Tests/Fortissimo/ConfigTest.php" line="15" assertions="1" time="0.000383"/>
      <testcase name="testIncludePath" class="ConfigTest" file="/Users/mbutcher/Code/Fortissimo/test/Tests/Fortissimo/ConfigTest.php" line="20" assertions="2" time="0.000381"/>
      <testcase name="testRequest" class="ConfigTest" file="/Users/mbutcher/Code/Fortissimo/test/Tests/Fortissimo/ConfigTest.php" line="30" assertions="4" time="0.000437"/>
      <testcase name="testGroup" class="ConfigTest" file="/Users/mbutcher/Code/Fortissimo/test/Tests/Fortissimo/ConfigTest.php" line="49" assertions="4" time="0.000459"/>
      <testcase name="testGroupInRequest" class="ConfigTest" file="/Users/mbutcher/Code/Fortissimo/test/Tests/Fortissimo/ConfigTest.php" line="68" assertions="3" time="0.000414"/>
      <testcase name="testDatasources" class="ConfigTest" file="/Users/mbutcher/Code/Fortissimo/test/Tests/Fortissimo/ConfigTest.php" line="84" assertions="4" time="0.000465"/>
      <testcase name="testLoggers" class="ConfigTest" file="/Users/mbutcher/Code/Fortissimo/test/Tests/Fortissimo/ConfigTest.php" line="108" assertions="1" time="0.000397"/>
      <testcase name="testCaches" class="ConfigTest" file="/Users/mbutcher/Code/Fortissimo/test/Tests/Fortissimo/ConfigTest.php" line="113" assertions="1" time="0.000386"/>
    </testsuite>
    <testsuite name="FortissimoConfigTest" file="/Users/mbutcher/Code/Fortissimo/test/Tests/Fortissimo/FortissimoConfigTest.php" tests="5" assertions="27" failures="0" errors="0" time="0.004914">
      <testcase name="testConstructor" class="FortissimoConfigTest" file="/Users/mbutcher/Code/Fortissimo/test/Tests/Fortissimo/FortissimoConfigTest.php" line="13" assertions="1" time="0.001003"/>
      <testcase name="testGetConfig" class="FortissimoConfigTest" file="/Users/mbutcher/Code/Fortissimo/test/Tests/Fortissimo/FortissimoConfigTest.php" line="20" assertions="2" time="0.000939"/>
      <testcase name="testIsLegalRequestName" class="FortissimoConfigTest" file="/Users/mbutcher/Code/Fortissimo/test/Tests/Fortissimo/FortissimoConfigTest.php" line="27" assertions="21" time="0.000511"/>
      <testcase name="testHasRequest" class="FortissimoConfigTest" file="/Users/mbutcher/Code/Fortissimo/test/Tests/Fortissimo/FortissimoConfigTest.php" line="40" assertions="1" time="0.001324"/>
      <testcase name="testGetRequest" class="FortissimoConfigTest" file="/Users/mbutcher/Code/Fortissimo/test/Tests/Fortissimo/FortissimoConfigTest.php" line="47" assertions="2" time="0.001137"/>
    </testsuite>
    <testsuite name="FortissimoContextDumpTest" file="/Users/mbutcher/Code/Fortissimo/test/Tests/Fortissimo/FortissimoContextDumpTest.php" tests="1" assertions="2" failures="0" errors="0" time="0.001173">
      <testcase name="testDoCommand" class="FortissimoContextDumpTest" file="/Users/mbutcher/Code/Fortissimo/test/Tests/Fortissimo/FortissimoContextDumpTest.php" line="16" assertions="2" time="0.001173"/>
    </testsuite>
    <testsuite name="FortissimoEchoTest" file="/Users/mbutcher/Code/Fortissimo/test/Tests/Fortissimo/FortissimoEchoTest.php" tests="1" assertions="1" failures="0" errors="0" time="0.000999">
      <testcase name="testDoCommand" class="FortissimoEchoTest" file="/Users/mbutcher/Code/Fortissimo/test/Tests/Fortissimo/FortissimoEchoTest.php" line="18" assertions="1" time="0.000999"/>
    </testsuite>
    <testsuite name="FortissimoExceptionsTest" file="/Users/mbutcher/Code/Fortissimo/test/Tests/Fortissimo/FortissimoExceptionsTest.php" tests="2" assertions="2" failures="0" errors="0" time="0.002570">
      <testcase name="testException" class="FortissimoExceptionsTest" file="/Users/mbutcher/Code/Fortissimo/test/Tests/Fortissimo/FortissimoExceptionsTest.php" line="17" assertions="1" time="0.001707"/>
      <testcase name="testErrorToException" class="FortissimoExceptionsTest" file="/Users/mbutcher/Code/Fortissimo/test/Tests/Fortissimo/FortissimoExceptionsTest.php" line="26" assertions="1" time="0.000863"/>
    </testsuite>
    <testsuite name="FortissimoExecutionContextTest" file="/Users/mbutcher/Code/Fortissimo/test/Tests/Fortissimo/FortissimoExecutionContextTest.php" tests="9" assertions="25" failures="0" errors="0" time="0.003696">
      <testcase name="testConstructor" class="FortissimoExecutionContextTest" file="/Users/mbutcher/Code/Fortissimo/test/Tests/Fortissimo/FortissimoExecutionContextTest.php" line="11" assertions="2" time="0.000541"/>
      <testcase name="testSize" class="FortissimoExecutionContextTest" file="/Users/mbutcher/Code/Fortissimo/test/Tests/Fortissimo/FortissimoExecutionContextTest.php" line="19" assertions="2" time="0.000450"/>
      <testcase name="testHas" class="FortissimoExecutionContextTest" file="/Users/mbutcher/Code/Fortissimo/test/Tests/Fortissimo/FortissimoExecutionContextTest.php" line="29" assertions="2" time="0.000369"/>
      <testcase name="testGet" class="FortissimoExecutionContextTest" file="/Users/mbutcher/Code/Fortissimo/test/Tests/Fortissimo/FortissimoExecutionContextTest.php" line="35" assertions="2" time="0.000373"/>
      <testcase name="testAdd" class="FortissimoExecutionContextTest" file="/Users/mbutcher/Code/Fortissimo/test/Tests/Fortissimo/FortissimoExecutionContextTest.php" line="42" assertions="2" time="0.000377"/>
      <testcase name="testRemove" class="FortissimoExecutionContextTest" file="/Users/mbutcher/Code/Fortissimo/test/Tests/Fortissimo/FortissimoExecutionContextTest.php" line="51" assertions="2" time="0.000383"/>
      <testcase name="testToArray" class="FortissimoExecutionContextTest" file="/Users/mbutcher/Code/Fortissimo/test/Tests/Fortissimo/FortissimoExecutionContextTest.php" line="58" assertions="1" time="0.000364"/>
      <testcase name="testFromArray" class="FortissimoExecutionContextTest" file="/Users/mbutcher/Code/Fortissimo/test/Tests/Fortissimo/FortissimoExecutionContextTest.php" line="64" assertions="3" time="0.000428"/>
      <testcase name="testIterator" class="FortissimoExecutionContextTest" file="/Users/mbutcher/Code/Fortissimo/test/Tests/Fortissimo/FortissimoExecutionContextTest.php" line="73" assertions="9" time="0.000411"/>
    </testsuite>
    <testsuite name="FortissimoTest" file="/Users/mbutcher/Code/Fortissimo/test/Tests/Fortissimo/FortissimoTest.php" tests="7" assertions="23" failures="0" errors="0" time="0.008814">
      <testcase name="testConstructor" class="FortissimoTest" file="/Users/mbutcher/Code/Fortissimo/test/Tests/Fortissimo/FortissimoTest.php" line="17" assertions="1" time="0.001144"/>
      <testcase name="testFetchParams" class="FortissimoTest" file="/Users/mbutcher/Code/Fortissimo/test/Tests/Fortissimo/FortissimoTest.php" line="23" assertions="9" time="0.001185"/>
      <testcase name="testHandleRequest" class="FortissimoTest" file="/Users/mbutcher/Code/Fortissimo/test/Tests/Fortissimo/FortissimoTest.php" line="61" assertions="3" time="0.001246"/>
      <testcase name="testLogger" class="FortissimoTest" file="/Users/mbutcher/Code/Fortissimo/test/Tests/Fortissimo/FortissimoTest.php" line="77" assertions="3" time="0.001159"/>
      <testcase name="testRequestCache" class="FortissimoTest" file="/Users/mbutcher/Code/Fortissimo/test/Tests/Fortissimo/FortissimoTest.php" line="86" assertions="4" time="0.002532"/>
      <testcase name="testForwardRequest" class="FortissimoTest" file="/Users/mbutcher/Code/Fortissimo/test/Tests/Fortissimo/FortissimoTest.php" line="133" assertions="2" time="0.001155"/>
      <testcase name="testAutoloader" class="FortissimoTest" file="/Users/mbutcher/Code/Fortissimo/test/Tests/Fortissimo/FortissimoTest.php" line="143" assertions="1" time="0.000393"/>
    </testsuite>
  </testsuite>
</testsuites>
