<?xml version="1.0" encoding="UTF-8"?>
<testsuites>
  <testsuite name="Phing Batchtest" tests="37" assertions="111" failures="1" errors="2" time="0.028888">
    <testsuite name="BaseFortissimoCommandTest" file="/Users/mbutcher/Code/Fortissimo/test/Tests/Fortissimo/BaseFortissimoCommandTest.php" tests="2" assertions="13" failures="0" errors="0" time="0.002435">
      <testcase name="testExpects" class="BaseFortissimoCommandTest" file="/Users/mbutcher/Code/Fortissimo/test/Tests/Fortissimo/BaseFortissimoCommandTest.php" line="14" assertions="12" time="0.000799"/>
      <testcase name="testDoRequest" class="BaseFortissimoCommandTest" file="/Users/mbutcher/Code/Fortissimo/test/Tests/Fortissimo/BaseFortissimoCommandTest.php" line="53" assertions="1" time="0.001636"/>
    </testsuite>
    <testsuite name="ConfigTest" file="/Users/mbutcher/Code/Fortissimo/test/Tests/Fortissimo/ConfigTest.php" tests="9" assertions="21" failures="0" errors="0" time="0.003897">
      <testcase name="testGetConfiguration" class="ConfigTest" file="/Users/mbutcher/Code/Fortissimo/test/Tests/Fortissimo/ConfigTest.php" line="15" assertions="1" time="0.000434"/>
      <testcase name="testIncludePath" class="ConfigTest" file="/Users/mbutcher/Code/Fortissimo/test/Tests/Fortissimo/ConfigTest.php" line="20" assertions="2" time="0.000438"/>
      <testcase name="testRequest" class="ConfigTest" file="/Users/mbutcher/Code/Fortissimo/test/Tests/Fortissimo/ConfigTest.php" line="30" assertions="4" time="0.000476"/>
      <testcase name="testGroup" class="ConfigTest" file="/Users/mbutcher/Code/Fortissimo/test/Tests/Fortissimo/ConfigTest.php" line="49" assertions="4" time="0.000468"/>
      <testcase name="testGroupInRequest" class="ConfigTest" file="/Users/mbutcher/Code/Fortissimo/test/Tests/Fortissimo/ConfigTest.php" line="68" assertions="3" time="0.000461"/>
      <testcase name="testDatasources" class="ConfigTest" file="/Users/mbutcher/Code/Fortissimo/test/Tests/Fortissimo/ConfigTest.php" line="84" assertions="4" time="0.000478"/>
      <testcase name="testLoggers" class="ConfigTest" file="/Users/mbutcher/Code/Fortissimo/test/Tests/Fortissimo/ConfigTest.php" line="108" assertions="1" time="0.000395"/>
      <testcase name="testCaches" class="ConfigTest" file="/Users/mbutcher/Code/Fortissimo/test/Tests/Fortissimo/ConfigTest.php" line="113" assertions="1" time="0.000376"/>
      <testcase name="testUseRequestMapper" class="ConfigTest" file="/Users/mbutcher/Code/Fortissimo/test/Tests/Fortissimo/ConfigTest.php" line="118" assertions="1" time="0.000371"/>
    </testsuite>
    <testsuite name="FortissimoConfigTest" file="/Users/mbutcher/Code/Fortissimo/test/Tests/Fortissimo/FortissimoConfigTest.php" tests="5" assertions="27" failures="0" errors="0" time="0.004869">
      <testcase name="testConstructor" class="FortissimoConfigTest" file="/Users/mbutcher/Code/Fortissimo/test/Tests/Fortissimo/FortissimoConfigTest.php" line="13" assertions="1" time="0.001114"/>
      <testcase name="testGetConfig" class="FortissimoConfigTest" file="/Users/mbutcher/Code/Fortissimo/test/Tests/Fortissimo/FortissimoConfigTest.php" line="20" assertions="2" time="0.000966"/>
      <testcase name="testIsLegalRequestName" class="FortissimoConfigTest" file="/Users/mbutcher/Code/Fortissimo/test/Tests/Fortissimo/FortissimoConfigTest.php" line="27" assertions="21" time="0.000497"/>
      <testcase name="testHasRequest" class="FortissimoConfigTest" file="/Users/mbutcher/Code/Fortissimo/test/Tests/Fortissimo/FortissimoConfigTest.php" line="40" assertions="1" time="0.001183"/>
      <testcase name="testGetRequest" class="FortissimoConfigTest" file="/Users/mbutcher/Code/Fortissimo/test/Tests/Fortissimo/FortissimoConfigTest.php" line="47" assertions="2" time="0.001109"/>
    </testsuite>
    <testsuite name="FortissimoContextDumpTest" file="/Users/mbutcher/Code/Fortissimo/test/Tests/Fortissimo/FortissimoContextDumpTest.php" tests="1" assertions="2" failures="0" errors="0" time="0.000982">
      <testcase name="testDoCommand" class="FortissimoContextDumpTest" file="/Users/mbutcher/Code/Fortissimo/test/Tests/Fortissimo/FortissimoContextDumpTest.php" line="16" assertions="2" time="0.000982"/>
    </testsuite>
    <testsuite name="FortissimoEchoTest" file="/Users/mbutcher/Code/Fortissimo/test/Tests/Fortissimo/FortissimoEchoTest.php" tests="1" assertions="1" failures="0" errors="0" time="0.000729">
      <testcase name="testDoCommand" class="FortissimoEchoTest" file="/Users/mbutcher/Code/Fortissimo/test/Tests/Fortissimo/FortissimoEchoTest.php" line="18" assertions="1" time="0.000729"/>
    </testsuite>
    <testsuite name="FortissimoExceptionsTest" file="/Users/mbutcher/Code/Fortissimo/test/Tests/Fortissimo/FortissimoExceptionsTest.php" tests="2" assertions="0" failures="0" errors="2" time="0.002419">
      <testcase name="testException" class="FortissimoExceptionsTest" file="/Users/mbutcher/Code/Fortissimo/test/Tests/Fortissimo/FortissimoExceptionsTest.php" line="18" assertions="0" time="0.001191">
        <error type="FortissimoRequestNotFoundException">FortissimoExceptionsTest::testException
FortissimoRequestNotFoundException: Request foo not found

/Users/mbutcher/Code/Fortissimo/Fortissimo/skel/src/Fortissimo.php:1831
/Users/mbutcher/Code/Fortissimo/Fortissimo/skel/src/Fortissimo.php:407
/Users/mbutcher/Code/Fortissimo/test/Tests/Fortissimo/FortissimoExceptionsTest.php:20
/usr/lib/php/phing.php:37
</error>
      </testcase>
      <testcase name="testErrorToException" class="FortissimoExceptionsTest" file="/Users/mbutcher/Code/Fortissimo/test/Tests/Fortissimo/FortissimoExceptionsTest.php" line="27" assertions="0" time="0.001228">
        <error type="FortissimoRequestNotFoundException">FortissimoExceptionsTest::testErrorToException
FortissimoRequestNotFoundException: Request div not found

/Users/mbutcher/Code/Fortissimo/Fortissimo/skel/src/Fortissimo.php:1831
/Users/mbutcher/Code/Fortissimo/Fortissimo/skel/src/Fortissimo.php:407
/Users/mbutcher/Code/Fortissimo/test/Tests/Fortissimo/FortissimoExceptionsTest.php:29
/usr/lib/php/phing.php:37
</error>
      </testcase>
    </testsuite>
    <testsuite name="FortissimoExecutionContextTest" file="/Users/mbutcher/Code/Fortissimo/test/Tests/Fortissimo/FortissimoExecutionContextTest.php" tests="9" assertions="25" failures="0" errors="0" time="0.003652">
      <testcase name="testConstructor" class="FortissimoExecutionContextTest" file="/Users/mbutcher/Code/Fortissimo/test/Tests/Fortissimo/FortissimoExecutionContextTest.php" line="11" assertions="2" time="0.000388"/>
      <testcase name="testSize" class="FortissimoExecutionContextTest" file="/Users/mbutcher/Code/Fortissimo/test/Tests/Fortissimo/FortissimoExecutionContextTest.php" line="19" assertions="2" time="0.000398"/>
      <testcase name="testHas" class="FortissimoExecutionContextTest" file="/Users/mbutcher/Code/Fortissimo/test/Tests/Fortissimo/FortissimoExecutionContextTest.php" line="29" assertions="2" time="0.000365"/>
      <testcase name="testGet" class="FortissimoExecutionContextTest" file="/Users/mbutcher/Code/Fortissimo/test/Tests/Fortissimo/FortissimoExecutionContextTest.php" line="35" assertions="2" time="0.000374"/>
      <testcase name="testAdd" class="FortissimoExecutionContextTest" file="/Users/mbutcher/Code/Fortissimo/test/Tests/Fortissimo/FortissimoExecutionContextTest.php" line="42" assertions="2" time="0.000418"/>
      <testcase name="testRemove" class="FortissimoExecutionContextTest" file="/Users/mbutcher/Code/Fortissimo/test/Tests/Fortissimo/FortissimoExecutionContextTest.php" line="51" assertions="2" time="0.000427"/>
      <testcase name="testToArray" class="FortissimoExecutionContextTest" file="/Users/mbutcher/Code/Fortissimo/test/Tests/Fortissimo/FortissimoExecutionContextTest.php" line="58" assertions="1" time="0.000401"/>
      <testcase name="testFromArray" class="FortissimoExecutionContextTest" file="/Users/mbutcher/Code/Fortissimo/test/Tests/Fortissimo/FortissimoExecutionContextTest.php" line="64" assertions="3" time="0.000423"/>
      <testcase name="testIterator" class="FortissimoExecutionContextTest" file="/Users/mbutcher/Code/Fortissimo/test/Tests/Fortissimo/FortissimoExecutionContextTest.php" line="73" assertions="9" time="0.000458"/>
    </testsuite>
    <testsuite name="FortissimoTest" file="/Users/mbutcher/Code/Fortissimo/test/Tests/Fortissimo/FortissimoTest.php" tests="8" assertions="22" failures="1" errors="0" time="0.009904">
      <testcase name="testConstructor" class="FortissimoTest" file="/Users/mbutcher/Code/Fortissimo/test/Tests/Fortissimo/FortissimoTest.php" line="17" assertions="1" time="0.001422"/>
      <testcase name="testFetchParams" class="FortissimoTest" file="/Users/mbutcher/Code/Fortissimo/test/Tests/Fortissimo/FortissimoTest.php" line="23" assertions="9" time="0.001290"/>
      <testcase name="testHandleRequest" class="FortissimoTest" file="/Users/mbutcher/Code/Fortissimo/test/Tests/Fortissimo/FortissimoTest.php" line="61" assertions="3" time="0.001255"/>
      <testcase name="testLogger" class="FortissimoTest" file="/Users/mbutcher/Code/Fortissimo/test/Tests/Fortissimo/FortissimoTest.php" line="77" assertions="3" time="0.001222"/>
      <testcase name="testRequestCache" class="FortissimoTest" file="/Users/mbutcher/Code/Fortissimo/test/Tests/Fortissimo/FortissimoTest.php" line="86" assertions="2" time="0.001991">
        <failure type="PHPUnit_Framework_ExpectationFailedException">FortissimoTest::testRequestCache
Has cached item.
Failed asserting that two strings are equal.
--- Expected
+++ Actual
@@ @@
-bar
+

/Users/mbutcher/Code/Fortissimo/test/Tests/Fortissimo/FortissimoTest.php:120
/usr/lib/php/phing.php:37
</failure>
      </testcase>
      <testcase name="testForwardRequest" class="FortissimoTest" file="/Users/mbutcher/Code/Fortissimo/test/Tests/Fortissimo/FortissimoTest.php" line="134" assertions="2" time="0.001275"/>
      <testcase name="testAutoloader" class="FortissimoTest" file="/Users/mbutcher/Code/Fortissimo/test/Tests/Fortissimo/FortissimoTest.php" line="144" assertions="1" time="0.000390"/>
      <testcase name="testRequestMapper" class="FortissimoTest" file="/Users/mbutcher/Code/Fortissimo/test/Tests/Fortissimo/FortissimoTest.php" line="154" assertions="1" time="0.001059"/>
    </testsuite>
  </testsuite>
</testsuites>
