<?xml version="1.0" encoding="UTF-8"?>
<testsuites>
  <testsuite name="BaseFortissimoCommandTest" file="/Users/mbutcher/Code/Fortissimo/test/Tests/Fortissimo/BaseFortissimoCommandTest.php" tests="2" assertions="5" failures="0" errors="0" time="0.015624">
    <testcase name="testExpects" class="BaseFortissimoCommandTest" file="/Users/mbutcher/Code/Fortissimo/test/Tests/Fortissimo/BaseFortissimoCommandTest.php" line="12" assertions="4" time="0.002606"/>
    <testcase name="testDoRequest" class="BaseFortissimoCommandTest" file="/Users/mbutcher/Code/Fortissimo/test/Tests/Fortissimo/BaseFortissimoCommandTest.php" line="23" assertions="1" time="0.013018"/>
  </testsuite>
  <testsuite name="FortissimoConfigTest" file="/Users/mbutcher/Code/Fortissimo/test/Tests/Fortissimo/FortissimoConfigTest.php" tests="6" assertions="28" failures="0" errors="0" time="0.036490">
    <testcase name="testConstructor" class="FortissimoConfigTest" file="/Users/mbutcher/Code/Fortissimo/test/Tests/Fortissimo/FortissimoConfigTest.php" line="13" assertions="1" time="0.002980"/>
    <testcase name="testConstructorParseError" class="FortissimoConfigTest" file="/Users/mbutcher/Code/Fortissimo/test/Tests/Fortissimo/FortissimoConfigTest.php" line="23" assertions="1" time="0.003047"/>
    <testcase name="testGetConfig" class="FortissimoConfigTest" file="/Users/mbutcher/Code/Fortissimo/test/Tests/Fortissimo/FortissimoConfigTest.php" line="27" assertions="2" time="0.002911"/>
    <testcase name="testIsLegalRequestName" class="FortissimoConfigTest" file="/Users/mbutcher/Code/Fortissimo/test/Tests/Fortissimo/FortissimoConfigTest.php" line="34" assertions="21" time="0.002915"/>
    <testcase name="testHasRequest" class="FortissimoConfigTest" file="/Users/mbutcher/Code/Fortissimo/test/Tests/Fortissimo/FortissimoConfigTest.php" line="47" assertions="1" time="0.004839"/>
    <testcase name="testGetRequest" class="FortissimoConfigTest" file="/Users/mbutcher/Code/Fortissimo/test/Tests/Fortissimo/FortissimoConfigTest.php" line="54" assertions="2" time="0.019798"/>
  </testsuite>
  <testsuite name="FortissimoExecutionContextTest" file="/Users/mbutcher/Code/Fortissimo/test/Tests/Fortissimo/FortissimoExecutionContextTest.php" tests="9" assertions="21" failures="0" errors="0" time="0.022006">
    <testcase name="testConstructor" class="FortissimoExecutionContextTest" file="/Users/mbutcher/Code/Fortissimo/test/Tests/Fortissimo/FortissimoExecutionContextTest.php" line="11" assertions="2" time="0.002413"/>
    <testcase name="testSize" class="FortissimoExecutionContextTest" file="/Users/mbutcher/Code/Fortissimo/test/Tests/Fortissimo/FortissimoExecutionContextTest.php" line="19" assertions="2" time="0.002490"/>
    <testcase name="testHas" class="FortissimoExecutionContextTest" file="/Users/mbutcher/Code/Fortissimo/test/Tests/Fortissimo/FortissimoExecutionContextTest.php" line="29" assertions="2" time="0.002370"/>
    <testcase name="testGet" class="FortissimoExecutionContextTest" file="/Users/mbutcher/Code/Fortissimo/test/Tests/Fortissimo/FortissimoExecutionContextTest.php" line="35" assertions="2" time="0.002464"/>
    <testcase name="testAdd" class="FortissimoExecutionContextTest" file="/Users/mbutcher/Code/Fortissimo/test/Tests/Fortissimo/FortissimoExecutionContextTest.php" line="42" assertions="2" time="0.002518"/>
    <testcase name="testRemove" class="FortissimoExecutionContextTest" file="/Users/mbutcher/Code/Fortissimo/test/Tests/Fortissimo/FortissimoExecutionContextTest.php" line="51" assertions="2" time="0.002492"/>
    <testcase name="testToArray" class="FortissimoExecutionContextTest" file="/Users/mbutcher/Code/Fortissimo/test/Tests/Fortissimo/FortissimoExecutionContextTest.php" line="58" assertions="1" time="0.002334"/>
    <testcase name="testFromArray" class="FortissimoExecutionContextTest" file="/Users/mbutcher/Code/Fortissimo/test/Tests/Fortissimo/FortissimoExecutionContextTest.php" line="64" assertions="3" time="0.002412"/>
    <testcase name="testIterator" class="FortissimoExecutionContextTest" file="/Users/mbutcher/Code/Fortissimo/test/Tests/Fortissimo/FortissimoExecutionContextTest.php" line="73" assertions="5" time="0.002513"/>
  </testsuite>
  <testsuite name="FortissimoTest" file="/Users/mbutcher/Code/Fortissimo/test/Tests/Fortissimo/FortissimoTest.php" tests="6" assertions="21" failures="0" errors="0" time="0.081095">
    <testcase name="testConstructor" class="FortissimoTest" file="/Users/mbutcher/Code/Fortissimo/test/Tests/Fortissimo/FortissimoTest.php" line="13" assertions="1" time="0.006053"/>
    <testcase name="testFetchParams" class="FortissimoTest" file="/Users/mbutcher/Code/Fortissimo/test/Tests/Fortissimo/FortissimoTest.php" line="19" assertions="9" time="0.006567"/>
    <testcase name="testHandleRequest" class="FortissimoTest" file="/Users/mbutcher/Code/Fortissimo/test/Tests/Fortissimo/FortissimoTest.php" line="57" assertions="3" time="0.019830"/>
    <testcase name="testLogger" class="FortissimoTest" file="/Users/mbutcher/Code/Fortissimo/test/Tests/Fortissimo/FortissimoTest.php" line="73" assertions="2" time="0.006221"/>
    <testcase name="testRequestCache" class="FortissimoTest" file="/Users/mbutcher/Code/Fortissimo/test/Tests/Fortissimo/FortissimoTest.php" line="82" assertions="4" time="0.027108"/>
    <testcase name="testForwardRequest" class="FortissimoTest" file="/Users/mbutcher/Code/Fortissimo/test/Tests/Fortissimo/FortissimoTest.php" line="124" assertions="2" time="0.015316"/>
  </testsuite>
</testsuites>
