<?xml version="1.0" encoding="UTF-8"?>
<testsuites>
  <testsuite name="BaseFortissimoCommandTest" file="/Users/mbutcher/Code/Fortissimo/test/Tests/Fortissimo/BaseFortissimoCommandTest.php" tests="2" assertions="13" failures="0" errors="0" time="0.018742">
    <testcase name="testExpects" class="BaseFortissimoCommandTest" file="/Users/mbutcher/Code/Fortissimo/test/Tests/Fortissimo/BaseFortissimoCommandTest.php" line="12" assertions="12" time="0.003035"/>
    <testcase name="testDoRequest" class="BaseFortissimoCommandTest" file="/Users/mbutcher/Code/Fortissimo/test/Tests/Fortissimo/BaseFortissimoCommandTest.php" line="51" assertions="1" time="0.015707"/>
  </testsuite>
  <testsuite name="FortissimoConfigTest" file="/Users/mbutcher/Code/Fortissimo/test/Tests/Fortissimo/FortissimoConfigTest.php" tests="6" assertions="28" failures="0" errors="0" time="0.037387">
    <testcase name="testConstructor" class="FortissimoConfigTest" file="/Users/mbutcher/Code/Fortissimo/test/Tests/Fortissimo/FortissimoConfigTest.php" line="13" assertions="1" time="0.002884"/>
    <testcase name="testConstructorParseError" class="FortissimoConfigTest" file="/Users/mbutcher/Code/Fortissimo/test/Tests/Fortissimo/FortissimoConfigTest.php" line="23" assertions="1" time="0.003044"/>
    <testcase name="testGetConfig" class="FortissimoConfigTest" file="/Users/mbutcher/Code/Fortissimo/test/Tests/Fortissimo/FortissimoConfigTest.php" line="27" assertions="2" time="0.003072"/>
    <testcase name="testIsLegalRequestName" class="FortissimoConfigTest" file="/Users/mbutcher/Code/Fortissimo/test/Tests/Fortissimo/FortissimoConfigTest.php" line="34" assertions="21" time="0.002964"/>
    <testcase name="testHasRequest" class="FortissimoConfigTest" file="/Users/mbutcher/Code/Fortissimo/test/Tests/Fortissimo/FortissimoConfigTest.php" line="47" assertions="1" time="0.005159"/>
    <testcase name="testGetRequest" class="FortissimoConfigTest" file="/Users/mbutcher/Code/Fortissimo/test/Tests/Fortissimo/FortissimoConfigTest.php" line="54" assertions="2" time="0.020264"/>
  </testsuite>
  <testsuite name="FortissimoContextDumpTest" file="/Users/mbutcher/Code/Fortissimo/test/Tests/Fortissimo/FortissimoContextDumpTest.php" tests="1" assertions="2" failures="0" errors="0" time="0.009198">
    <testcase name="testDoCommand" class="FortissimoContextDumpTest" file="/Users/mbutcher/Code/Fortissimo/test/Tests/Fortissimo/FortissimoContextDumpTest.php" line="16" assertions="2" time="0.009198"/>
  </testsuite>
  <testsuite name="FortissimoExecutionContextTest" file="/Users/mbutcher/Code/Fortissimo/test/Tests/Fortissimo/FortissimoExecutionContextTest.php" tests="9" assertions="21" failures="0" errors="0" time="0.022280">
    <testcase name="testConstructor" class="FortissimoExecutionContextTest" file="/Users/mbutcher/Code/Fortissimo/test/Tests/Fortissimo/FortissimoExecutionContextTest.php" line="11" assertions="2" time="0.002425"/>
    <testcase name="testSize" class="FortissimoExecutionContextTest" file="/Users/mbutcher/Code/Fortissimo/test/Tests/Fortissimo/FortissimoExecutionContextTest.php" line="19" assertions="2" time="0.002569"/>
    <testcase name="testHas" class="FortissimoExecutionContextTest" file="/Users/mbutcher/Code/Fortissimo/test/Tests/Fortissimo/FortissimoExecutionContextTest.php" line="29" assertions="2" time="0.002368"/>
    <testcase name="testGet" class="FortissimoExecutionContextTest" file="/Users/mbutcher/Code/Fortissimo/test/Tests/Fortissimo/FortissimoExecutionContextTest.php" line="35" assertions="2" time="0.002444"/>
    <testcase name="testAdd" class="FortissimoExecutionContextTest" file="/Users/mbutcher/Code/Fortissimo/test/Tests/Fortissimo/FortissimoExecutionContextTest.php" line="42" assertions="2" time="0.002484"/>
    <testcase name="testRemove" class="FortissimoExecutionContextTest" file="/Users/mbutcher/Code/Fortissimo/test/Tests/Fortissimo/FortissimoExecutionContextTest.php" line="51" assertions="2" time="0.002514"/>
    <testcase name="testToArray" class="FortissimoExecutionContextTest" file="/Users/mbutcher/Code/Fortissimo/test/Tests/Fortissimo/FortissimoExecutionContextTest.php" line="58" assertions="1" time="0.002364"/>
    <testcase name="testFromArray" class="FortissimoExecutionContextTest" file="/Users/mbutcher/Code/Fortissimo/test/Tests/Fortissimo/FortissimoExecutionContextTest.php" line="64" assertions="3" time="0.002555"/>
    <testcase name="testIterator" class="FortissimoExecutionContextTest" file="/Users/mbutcher/Code/Fortissimo/test/Tests/Fortissimo/FortissimoExecutionContextTest.php" line="73" assertions="5" time="0.002557"/>
  </testsuite>
  <testsuite name="FortissimoTest" file="/Users/mbutcher/Code/Fortissimo/test/Tests/Fortissimo/FortissimoTest.php" tests="7" assertions="23" failures="0" errors="0" time="0.099158">
    <testcase name="testConstructor" class="FortissimoTest" file="/Users/mbutcher/Code/Fortissimo/test/Tests/Fortissimo/FortissimoTest.php" line="13" assertions="1" time="0.007681"/>
    <testcase name="testFetchParams" class="FortissimoTest" file="/Users/mbutcher/Code/Fortissimo/test/Tests/Fortissimo/FortissimoTest.php" line="19" assertions="9" time="0.008146"/>
    <testcase name="testHandleRequest" class="FortissimoTest" file="/Users/mbutcher/Code/Fortissimo/test/Tests/Fortissimo/FortissimoTest.php" line="57" assertions="3" time="0.022657"/>
    <testcase name="testLogger" class="FortissimoTest" file="/Users/mbutcher/Code/Fortissimo/test/Tests/Fortissimo/FortissimoTest.php" line="73" assertions="2" time="0.007756"/>
    <testcase name="testRequestCache" class="FortissimoTest" file="/Users/mbutcher/Code/Fortissimo/test/Tests/Fortissimo/FortissimoTest.php" line="82" assertions="4" time="0.032317"/>
    <testcase name="testForwardRequest" class="FortissimoTest" file="/Users/mbutcher/Code/Fortissimo/test/Tests/Fortissimo/FortissimoTest.php" line="124" assertions="2" time="0.017527"/>
    <testcase name="testAutoloader" class="FortissimoTest" file="/Users/mbutcher/Code/Fortissimo/test/Tests/Fortissimo/FortissimoTest.php" line="134" assertions="2" time="0.003074"/>
  </testsuite>
</testsuites>
