<?xml version="1.0" encoding="UTF-8"?>
<testsuites>
  <testsuite name="Phing Batchtest" tests="38" assertions="119" failures="0" errors="0" time="0.027086">
    <testsuite name="BaseFortissimoCommandTest" file="/Users/mbutcher/Code/Fortissimo/test/Tests/Fortissimo/BaseFortissimoCommandTest.php" tests="2" assertions="13" failures="0" errors="0" time="0.002470">
      <testcase name="testExpects" class="BaseFortissimoCommandTest" file="/Users/mbutcher/Code/Fortissimo/test/Tests/Fortissimo/BaseFortissimoCommandTest.php" line="14" assertions="12" time="0.000805"/>
      <testcase name="testDoRequest" class="BaseFortissimoCommandTest" file="/Users/mbutcher/Code/Fortissimo/test/Tests/Fortissimo/BaseFortissimoCommandTest.php" line="53" assertions="1" time="0.001665"/>
    </testsuite>
    <testsuite name="ConfigTest" file="/Users/mbutcher/Code/Fortissimo/test/Tests/Fortissimo/ConfigTest.php" tests="9" assertions="21" failures="0" errors="0" time="0.003703">
      <testcase name="testGetConfiguration" class="ConfigTest" file="/Users/mbutcher/Code/Fortissimo/test/Tests/Fortissimo/ConfigTest.php" line="15" assertions="1" time="0.000455"/>
      <testcase name="testIncludePath" class="ConfigTest" file="/Users/mbutcher/Code/Fortissimo/test/Tests/Fortissimo/ConfigTest.php" line="20" assertions="2" time="0.000391"/>
      <testcase name="testRequest" class="ConfigTest" file="/Users/mbutcher/Code/Fortissimo/test/Tests/Fortissimo/ConfigTest.php" line="30" assertions="4" time="0.000427"/>
      <testcase name="testGroup" class="ConfigTest" file="/Users/mbutcher/Code/Fortissimo/test/Tests/Fortissimo/ConfigTest.php" line="49" assertions="4" time="0.000424"/>
      <testcase name="testGroupInRequest" class="ConfigTest" file="/Users/mbutcher/Code/Fortissimo/test/Tests/Fortissimo/ConfigTest.php" line="68" assertions="3" time="0.000429"/>
      <testcase name="testDatasources" class="ConfigTest" file="/Users/mbutcher/Code/Fortissimo/test/Tests/Fortissimo/ConfigTest.php" line="84" assertions="4" time="0.000434"/>
      <testcase name="testLoggers" class="ConfigTest" file="/Users/mbutcher/Code/Fortissimo/test/Tests/Fortissimo/ConfigTest.php" line="108" assertions="1" time="0.000386"/>
      <testcase name="testCaches" class="ConfigTest" file="/Users/mbutcher/Code/Fortissimo/test/Tests/Fortissimo/ConfigTest.php" line="113" assertions="1" time="0.000380"/>
      <testcase name="testUseRequestMapper" class="ConfigTest" file="/Users/mbutcher/Code/Fortissimo/test/Tests/Fortissimo/ConfigTest.php" line="118" assertions="1" time="0.000377"/>
    </testsuite>
    <testsuite name="FortissimoConfigTest" file="/Users/mbutcher/Code/Fortissimo/test/Tests/Fortissimo/FortissimoConfigTest.php" tests="5" assertions="27" failures="0" errors="0" time="0.004613">
      <testcase name="testConstructor" class="FortissimoConfigTest" file="/Users/mbutcher/Code/Fortissimo/test/Tests/Fortissimo/FortissimoConfigTest.php" line="13" assertions="1" time="0.000956"/>
      <testcase name="testGetConfig" class="FortissimoConfigTest" file="/Users/mbutcher/Code/Fortissimo/test/Tests/Fortissimo/FortissimoConfigTest.php" line="20" assertions="2" time="0.000939"/>
      <testcase name="testIsLegalRequestName" class="FortissimoConfigTest" file="/Users/mbutcher/Code/Fortissimo/test/Tests/Fortissimo/FortissimoConfigTest.php" line="27" assertions="21" time="0.000490"/>
      <testcase name="testHasRequest" class="FortissimoConfigTest" file="/Users/mbutcher/Code/Fortissimo/test/Tests/Fortissimo/FortissimoConfigTest.php" line="40" assertions="1" time="0.001177"/>
      <testcase name="testGetRequest" class="FortissimoConfigTest" file="/Users/mbutcher/Code/Fortissimo/test/Tests/Fortissimo/FortissimoConfigTest.php" line="47" assertions="2" time="0.001051"/>
    </testsuite>
    <testsuite name="FortissimoContextDumpTest" file="/Users/mbutcher/Code/Fortissimo/test/Tests/Fortissimo/FortissimoContextDumpTest.php" tests="1" assertions="2" failures="0" errors="0" time="0.000854">
      <testcase name="testDoCommand" class="FortissimoContextDumpTest" file="/Users/mbutcher/Code/Fortissimo/test/Tests/Fortissimo/FortissimoContextDumpTest.php" line="16" assertions="2" time="0.000854"/>
    </testsuite>
    <testsuite name="FortissimoEchoTest" file="/Users/mbutcher/Code/Fortissimo/test/Tests/Fortissimo/FortissimoEchoTest.php" tests="1" assertions="1" failures="0" errors="0" time="0.000698">
      <testcase name="testDoCommand" class="FortissimoEchoTest" file="/Users/mbutcher/Code/Fortissimo/test/Tests/Fortissimo/FortissimoEchoTest.php" line="18" assertions="1" time="0.000698"/>
    </testsuite>
    <testsuite name="FortissimoExceptionsTest" file="/Users/mbutcher/Code/Fortissimo/test/Tests/Fortissimo/FortissimoExceptionsTest.php" tests="3" assertions="6" failures="0" errors="0" time="0.001985">
      <testcase name="test404" class="FortissimoExceptionsTest" file="/Users/mbutcher/Code/Fortissimo/test/Tests/Fortissimo/FortissimoExceptionsTest.php" line="15" assertions="2" time="0.000651"/>
      <testcase name="testException" class="FortissimoExceptionsTest" file="/Users/mbutcher/Code/Fortissimo/test/Tests/Fortissimo/FortissimoExceptionsTest.php" line="29" assertions="2" time="0.000641"/>
      <testcase name="testErrorToException" class="FortissimoExceptionsTest" file="/Users/mbutcher/Code/Fortissimo/test/Tests/Fortissimo/FortissimoExceptionsTest.php" line="45" assertions="2" time="0.000693"/>
    </testsuite>
    <testsuite name="FortissimoExecutionContextTest" file="/Users/mbutcher/Code/Fortissimo/test/Tests/Fortissimo/FortissimoExecutionContextTest.php" tests="9" assertions="25" failures="0" errors="0" time="0.003637">
      <testcase name="testConstructor" class="FortissimoExecutionContextTest" file="/Users/mbutcher/Code/Fortissimo/test/Tests/Fortissimo/FortissimoExecutionContextTest.php" line="11" assertions="2" time="0.000388"/>
      <testcase name="testSize" class="FortissimoExecutionContextTest" file="/Users/mbutcher/Code/Fortissimo/test/Tests/Fortissimo/FortissimoExecutionContextTest.php" line="19" assertions="2" time="0.000397"/>
      <testcase name="testHas" class="FortissimoExecutionContextTest" file="/Users/mbutcher/Code/Fortissimo/test/Tests/Fortissimo/FortissimoExecutionContextTest.php" line="29" assertions="2" time="0.000374"/>
      <testcase name="testGet" class="FortissimoExecutionContextTest" file="/Users/mbutcher/Code/Fortissimo/test/Tests/Fortissimo/FortissimoExecutionContextTest.php" line="35" assertions="2" time="0.000381"/>
      <testcase name="testAdd" class="FortissimoExecutionContextTest" file="/Users/mbutcher/Code/Fortissimo/test/Tests/Fortissimo/FortissimoExecutionContextTest.php" line="42" assertions="2" time="0.000386"/>
      <testcase name="testRemove" class="FortissimoExecutionContextTest" file="/Users/mbutcher/Code/Fortissimo/test/Tests/Fortissimo/FortissimoExecutionContextTest.php" line="51" assertions="2" time="0.000388"/>
      <testcase name="testToArray" class="FortissimoExecutionContextTest" file="/Users/mbutcher/Code/Fortissimo/test/Tests/Fortissimo/FortissimoExecutionContextTest.php" line="58" assertions="1" time="0.000511"/>
      <testcase name="testFromArray" class="FortissimoExecutionContextTest" file="/Users/mbutcher/Code/Fortissimo/test/Tests/Fortissimo/FortissimoExecutionContextTest.php" line="64" assertions="3" time="0.000392"/>
      <testcase name="testIterator" class="FortissimoExecutionContextTest" file="/Users/mbutcher/Code/Fortissimo/test/Tests/Fortissimo/FortissimoExecutionContextTest.php" line="73" assertions="9" time="0.000420"/>
    </testsuite>
    <testsuite name="FortissimoTest" file="/Users/mbutcher/Code/Fortissimo/test/Tests/Fortissimo/FortissimoTest.php" tests="8" assertions="24" failures="0" errors="0" time="0.009127">
      <testcase name="testConstructor" class="FortissimoTest" file="/Users/mbutcher/Code/Fortissimo/test/Tests/Fortissimo/FortissimoTest.php" line="17" assertions="1" time="0.001123"/>
      <testcase name="testFetchParams" class="FortissimoTest" file="/Users/mbutcher/Code/Fortissimo/test/Tests/Fortissimo/FortissimoTest.php" line="23" assertions="9" time="0.001147"/>
      <testcase name="testHandleRequest" class="FortissimoTest" file="/Users/mbutcher/Code/Fortissimo/test/Tests/Fortissimo/FortissimoTest.php" line="61" assertions="3" time="0.001201"/>
      <testcase name="testLogger" class="FortissimoTest" file="/Users/mbutcher/Code/Fortissimo/test/Tests/Fortissimo/FortissimoTest.php" line="77" assertions="3" time="0.001123"/>
      <testcase name="testRequestCache" class="FortissimoTest" file="/Users/mbutcher/Code/Fortissimo/test/Tests/Fortissimo/FortissimoTest.php" line="86" assertions="4" time="0.001958"/>
      <testcase name="testForwardRequest" class="FortissimoTest" file="/Users/mbutcher/Code/Fortissimo/test/Tests/Fortissimo/FortissimoTest.php" line="137" assertions="2" time="0.001146"/>
      <testcase name="testAutoloader" class="FortissimoTest" file="/Users/mbutcher/Code/Fortissimo/test/Tests/Fortissimo/FortissimoTest.php" line="147" assertions="1" time="0.000398"/>
      <testcase name="testRequestMapper" class="FortissimoTest" file="/Users/mbutcher/Code/Fortissimo/test/Tests/Fortissimo/FortissimoTest.php" line="157" assertions="1" time="0.001031"/>
    </testsuite>
  </testsuite>
</testsuites>
